[Info  - 11:05:41 AM] Linter is running.
Warning: The 'deprecation' rule requires type information.
Warning: The 'no-use-before-declare' rule requires type information.
[Warn  - 11:05:49 AM] Warning: The 'deprecation' rule requires type information.
[Warn  - 11:05:49 AM] Warning: The 'no-use-before-declare' rule requires type information.
[Warn  - 11:06:22 AM] Failed to load the TSLint library for the document /usr/share/code/resources/app/extensions/node_modules/typescript/lib/lib.dom.d.ts
To use TSLint for single file install tslint globally using 'npm install -g tslint'.
TSLint has a peer dependency on `typescript`, make sure that `typescript` is installed as well.
You need to reopen VS Code after installing tslint.
[Warn  - 11:09:32 AM] Failed to load the TSLint library for the document /usr/share/code/resources/app/extensions/node_modules/typescript/lib/lib.dom.d.ts
To use TSLint for single file install tslint globally using 'npm install -g tslint'.
TSLint has a peer dependency on `typescript`, make sure that `typescript` is installed as well.
You need to reopen VS Code after installing tslint.
[Warn  - 11:15:05 AM] Failed to load the TSLint library for the document /usr/share/code/resources/app/extensions/node_modules/typescript/lib/lib.dom.d.ts
To use TSLint for single file install tslint globally using 'npm install -g tslint'.
TSLint has a peer dependency on `typescript`, make sure that `typescript` is installed as well.
You need to reopen VS Code after installing tslint.
[Warn  - 11:15:10 AM] Failed to load the TSLint library for the document /usr/share/code/resources/app/extensions/node_modules/typescript/lib/lib.dom.d.ts
To use TSLint for single file install tslint globally using 'npm install -g tslint'.
TSLint has a peer dependency on `typescript`, make sure that `typescript` is installed as well.
You need to reopen VS Code after installing tslint.
[Warn  - 11:17:04 AM] Failed to load the TSLint library for the document /usr/share/code/resources/app/extensions/node_modules/typescript/lib/lib.dom.d.ts
To use TSLint for single file install tslint globally using 'npm install -g tslint'.
TSLint has a peer dependency on `typescript`, make sure that `typescript` is installed as well.
You need to reopen VS Code after installing tslint.
[Warn  - 11:17:05 AM] Failed to load the TSLint library for the document /usr/share/code/resources/app/extensions/node_modules/typescript/lib/lib.dom.d.ts
To use TSLint for single file install tslint globally using 'npm install -g tslint'.
TSLint has a peer dependency on `typescript`, make sure that `typescript` is installed as well.
You need to reopen VS Code after installing tslint.
The 'quotemark' rule threw an error in '/home/trung95/works/admin-basic-app/src/app/common/services/notification/notification.service.ts':
SyntaxError: Invalid regular expression: /\\)/: Unmatched ')'
    at new RegExp (<anonymous>)
    at cb (/home/trung95/works/admin-basic-app/node_modules/tslint/lib/rules/quotemarkRule.js:106:33)
    at visitNodes (/home/trung95/works/admin-basic-app/node_modules/typescript/lib/typescript.js:14809:30)
    at Object.forEachChild (/home/trung95/works/admin-basic-app/node_modules/typescript/lib/typescript.js:14987:21)
    at cb (/home/trung95/works/admin-basic-app/node_modules/tslint/lib/rules/quotemarkRule.js:109:12)
    at visitNode (/home/trung95/works/admin-basic-app/node_modules/typescript/lib/typescript.js:14800:24)
    at Object.forEachChild (/home/trung95/works/admin-basic-app/node_modules/typescript/lib/typescript.js:15044:24)
    at cb (/home/trung95/works/admin-basic-app/node_modules/tslint/lib/rules/quotemarkRule.js:109:12)
    at visitNodes (/home/trung95/works/admin-basic-app/node_modules/typescript/lib/typescript.js:14809:30)
    at Object.forEachChild (/home/trung95/works/admin-basic-app/node_modules/typescript/lib/typescript.js:15033:24)
[Warn  - 11:32:26 AM] The 'quotemark' rule threw an error in '/home/trung95/works/admin-basic-app/src/app/common/services/notification/notification.service.ts':
SyntaxError: Invalid regular expression: /\\)/: Unmatched ')'
    at new RegExp (<anonymous>)
    at cb (/home/trung95/works/admin-basic-app/node_modules/tslint/lib/rules/quotemarkRule.js:106:33)
    at visitNodes (/home/trung95/works/admin-basic-app/node_modules/typescript/lib/typescript.js:14809:30)
    at Object.forEachChild (/home/trung95/works/admin-basic-app/node_modules/typescript/lib/typescript.js:14987:21)
    at cb (/home/trung95/works/admin-basic-app/node_modules/tslint/lib/rules/quotemarkRule.js:109:12)
    at visitNode (/home/trung95/works/admin-basic-app/node_modules/typescript/lib/typescript.js:14800:24)
    at Object.forEachChild (/home/trung95/works/admin-basic-app/node_modules/typescript/lib/typescript.js:15044:24)
    at cb (/home/trung95/works/admin-basic-app/node_modules/tslint/lib/rules/quotemarkRule.js:109:12)
    at visitNodes (/home/trung95/works/admin-basic-app/node_modules/typescript/lib/typescript.js:14809:30)
    at Object.forEachChild (/home/trung95/works/admin-basic-app/node_modules/typescript/lib/typescript.js:15033:24)
The 'quotemark' rule threw an error in '/home/trung95/works/admin-basic-app/src/app/common/services/notification/notification.service.ts':
SyntaxError: Invalid regular expression: /\\)/: Unmatched ')'
    at new RegExp (<anonymous>)
    at cb (/home/trung95/works/admin-basic-app/node_modules/tslint/lib/rules/quotemarkRule.js:106:33)
    at visitNodes (/home/trung95/works/admin-basic-app/node_modules/typescript/lib/typescript.js:14809:30)
    at Object.forEachChild (/home/trung95/works/admin-basic-app/node_modules/typescript/lib/typescript.js:14987:21)
    at cb (/home/trung95/works/admin-basic-app/node_modules/tslint/lib/rules/quotemarkRule.js:109:12)
    at visitNode (/home/trung95/works/admin-basic-app/node_modules/typescript/lib/typescript.js:14800:24)
    at Object.forEachChild (/home/trung95/works/admin-basic-app/node_modules/typescript/lib/typescript.js:15044:24)
    at cb (/home/trung95/works/admin-basic-app/node_modules/tslint/lib/rules/quotemarkRule.js:109:12)
    at visitNodes (/home/trung95/works/admin-basic-app/node_modules/typescript/lib/typescript.js:14809:30)
    at Object.forEachChild (/home/trung95/works/admin-basic-app/node_modules/typescript/lib/typescript.js:15033:24)
[Warn  - 11:32:26 AM] The 'quotemark' rule threw an error in '/home/trung95/works/admin-basic-app/src/app/common/services/notification/notification.service.ts':
SyntaxError: Invalid regular expression: /\\)/: Unmatched ')'
    at new RegExp (<anonymous>)
    at cb (/home/trung95/works/admin-basic-app/node_modules/tslint/lib/rules/quotemarkRule.js:106:33)
    at visitNodes (/home/trung95/works/admin-basic-app/node_modules/typescript/lib/typescript.js:14809:30)
    at Object.forEachChild (/home/trung95/works/admin-basic-app/node_modules/typescript/lib/typescript.js:14987:21)
    at cb (/home/trung95/works/admin-basic-app/node_modules/tslint/lib/rules/quotemarkRule.js:109:12)
    at visitNode (/home/trung95/works/admin-basic-app/node_modules/typescript/lib/typescript.js:14800:24)
    at Object.forEachChild (/home/trung95/works/admin-basic-app/node_modules/typescript/lib/typescript.js:15044:24)
    at cb (/home/trung95/works/admin-basic-app/node_modules/tslint/lib/rules/quotemarkRule.js:109:12)
    at visitNodes (/home/trung95/works/admin-basic-app/node_modules/typescript/lib/typescript.js:14809:30)
    at Object.forEachChild (/home/trung95/works/admin-basic-app/node_modules/typescript/lib/typescript.js:15033:24)
The 'quotemark' rule threw an error in '/home/trung95/works/admin-basic-app/src/app/common/services/notification/notification.service.ts':
SyntaxError: Invalid regular expression: /\\)/: Unmatched ')'
    at new RegExp (<anonymous>)
    at cb (/home/trung95/works/admin-basic-app/node_modules/tslint/lib/rules/quotemarkRule.js:106:33)
    at visitNodes (/home/trung95/works/admin-basic-app/node_modules/typescript/lib/typescript.js:14809:30)
    at Object.forEachChild (/home/trung95/works/admin-basic-app/node_modules/typescript/lib/typescript.js:14987:21)
    at cb (/home/trung95/works/admin-basic-app/node_modules/tslint/lib/rules/quotemarkRule.js:109:12)
    at visitNode (/home/trung95/works/admin-basic-app/node_modules/typescript/lib/typescript.js:14800:24)
    at Object.forEachChild (/home/trung95/works/admin-basic-app/node_modules/typescript/lib/typescript.js:15044:24)
    at cb (/home/trung95/works/admin-basic-app/node_modules/tslint/lib/rules/quotemarkRule.js:109:12)
    at visitNodes (/home/trung95/works/admin-basic-app/node_modules/typescript/lib/typescript.js:14809:30)
    at Object.forEachChild (/home/trung95/works/admin-basic-app/node_modules/typescript/lib/typescript.js:15033:24)
[Warn  - 11:32:27 AM] The 'quotemark' rule threw an error in '/home/trung95/works/admin-basic-app/src/app/common/services/notification/notification.service.ts':
SyntaxError: Invalid regular expression: /\\)/: Unmatched ')'
    at new RegExp (<anonymous>)
    at cb (/home/trung95/works/admin-basic-app/node_modules/tslint/lib/rules/quotemarkRule.js:106:33)
    at visitNodes (/home/trung95/works/admin-basic-app/node_modules/typescript/lib/typescript.js:14809:30)
    at Object.forEachChild (/home/trung95/works/admin-basic-app/node_modules/typescript/lib/typescript.js:14987:21)
    at cb (/home/trung95/works/admin-basic-app/node_modules/tslint/lib/rules/quotemarkRule.js:109:12)
    at visitNode (/home/trung95/works/admin-basic-app/node_modules/typescript/lib/typescript.js:14800:24)
    at Object.forEachChild (/home/trung95/works/admin-basic-app/node_modules/typescript/lib/typescript.js:15044:24)
    at cb (/home/trung95/works/admin-basic-app/node_modules/tslint/lib/rules/quotemarkRule.js:109:12)
    at visitNodes (/home/trung95/works/admin-basic-app/node_modules/typescript/lib/typescript.js:14809:30)
    at Object.forEachChild (/home/trung95/works/admin-basic-app/node_modules/typescript/lib/typescript.js:15033:24)
The 'quotemark' rule threw an error in '/home/trung95/works/admin-basic-app/src/app/common/services/notification/notification.service.ts':
SyntaxError: Invalid regular expression: /\\)/: Unmatched ')'
    at new RegExp (<anonymous>)
    at cb (/home/trung95/works/admin-basic-app/node_modules/tslint/lib/rules/quotemarkRule.js:106:33)
    at visitNodes (/home/trung95/works/admin-basic-app/node_modules/typescript/lib/typescript.js:14809:30)
    at Object.forEachChild (/home/trung95/works/admin-basic-app/node_modules/typescript/lib/typescript.js:14987:21)
    at cb (/home/trung95/works/admin-basic-app/node_modules/tslint/lib/rules/quotemarkRule.js:109:12)
    at visitNode (/home/trung95/works/admin-basic-app/node_modules/typescript/lib/typescript.js:14800:24)
    at Object.forEachChild (/home/trung95/works/admin-basic-app/node_modules/typescript/lib/typescript.js:15044:24)
    at cb (/home/trung95/works/admin-basic-app/node_modules/tslint/lib/rules/quotemarkRule.js:109:12)
    at visitNodes (/home/trung95/works/admin-basic-app/node_modules/typescript/lib/typescript.js:14809:30)
    at Object.forEachChild (/home/trung95/works/admin-basic-app/node_modules/typescript/lib/typescript.js:15033:24)
[Warn  - 11:34:43 AM] The 'quotemark' rule threw an error in '/home/trung95/works/admin-basic-app/src/app/common/services/notification/notification.service.ts':
SyntaxError: Invalid regular expression: /\\)/: Unmatched ')'
    at new RegExp (<anonymous>)
    at cb (/home/trung95/works/admin-basic-app/node_modules/tslint/lib/rules/quotemarkRule.js:106:33)
    at visitNodes (/home/trung95/works/admin-basic-app/node_modules/typescript/lib/typescript.js:14809:30)
    at Object.forEachChild (/home/trung95/works/admin-basic-app/node_modules/typescript/lib/typescript.js:14987:21)
    at cb (/home/trung95/works/admin-basic-app/node_modules/tslint/lib/rules/quotemarkRule.js:109:12)
    at visitNode (/home/trung95/works/admin-basic-app/node_modules/typescript/lib/typescript.js:14800:24)
    at Object.forEachChild (/home/trung95/works/admin-basic-app/node_modules/typescript/lib/typescript.js:15044:24)
    at cb (/home/trung95/works/admin-basic-app/node_modules/tslint/lib/rules/quotemarkRule.js:109:12)
    at visitNodes (/home/trung95/works/admin-basic-app/node_modules/typescript/lib/typescript.js:14809:30)
    at Object.forEachChild (/home/trung95/works/admin-basic-app/node_modules/typescript/lib/typescript.js:15033:24)
The 'quotemark' rule threw an error in '/home/trung95/works/admin-basic-app/src/app/common/services/notification/notification.service.ts':
SyntaxError: Invalid regular expression: /\\)/: Unmatched ')'
    at new RegExp (<anonymous>)
    at cb (/home/trung95/works/admin-basic-app/node_modules/tslint/lib/rules/quotemarkRule.js:106:33)
    at visitNodes (/home/trung95/works/admin-basic-app/node_modules/typescript/lib/typescript.js:14809:30)
    at Object.forEachChild (/home/trung95/works/admin-basic-app/node_modules/typescript/lib/typescript.js:14987:21)
    at cb (/home/trung95/works/admin-basic-app/node_modules/tslint/lib/rules/quotemarkRule.js:109:12)
    at visitNode (/home/trung95/works/admin-basic-app/node_modules/typescript/lib/typescript.js:14800:24)
    at Object.forEachChild (/home/trung95/works/admin-basic-app/node_modules/typescript/lib/typescript.js:15044:24)
    at cb (/home/trung95/works/admin-basic-app/node_modules/tslint/lib/rules/quotemarkRule.js:109:12)
    at visitNodes (/home/trung95/works/admin-basic-app/node_modules/typescript/lib/typescript.js:14809:30)
    at Object.forEachChild (/home/trung95/works/admin-basic-app/node_modules/typescript/lib/typescript.js:15033:24)
[Warn  - 11:34:44 AM] The 'quotemark' rule threw an error in '/home/trung95/works/admin-basic-app/src/app/common/services/notification/notification.service.ts':
SyntaxError: Invalid regular expression: /\\)/: Unmatched ')'
    at new RegExp (<anonymous>)
    at cb (/home/trung95/works/admin-basic-app/node_modules/tslint/lib/rules/quotemarkRule.js:106:33)
    at visitNodes (/home/trung95/works/admin-basic-app/node_modules/typescript/lib/typescript.js:14809:30)
    at Object.forEachChild (/home/trung95/works/admin-basic-app/node_modules/typescript/lib/typescript.js:14987:21)
    at cb (/home/trung95/works/admin-basic-app/node_modules/tslint/lib/rules/quotemarkRule.js:109:12)
    at visitNode (/home/trung95/works/admin-basic-app/node_modules/typescript/lib/typescript.js:14800:24)
    at Object.forEachChild (/home/trung95/works/admin-basic-app/node_modules/typescript/lib/typescript.js:15044:24)
    at cb (/home/trung95/works/admin-basic-app/node_modules/tslint/lib/rules/quotemarkRule.js:109:12)
    at visitNodes (/home/trung95/works/admin-basic-app/node_modules/typescript/lib/typescript.js:14809:30)
    at Object.forEachChild (/home/trung95/works/admin-basic-app/node_modules/typescript/lib/typescript.js:15033:24)
The 'quotemark' rule threw an error in '/home/trung95/works/admin-basic-app/src/app/common/services/notification/notification.service.ts':
SyntaxError: Invalid regular expression: /\\)/: Unmatched ')'
    at new RegExp (<anonymous>)
    at cb (/home/trung95/works/admin-basic-app/node_modules/tslint/lib/rules/quotemarkRule.js:106:33)
    at visitNodes (/home/trung95/works/admin-basic-app/node_modules/typescript/lib/typescript.js:14809:30)
    at Object.forEachChild (/home/trung95/works/admin-basic-app/node_modules/typescript/lib/typescript.js:14987:21)
    at cb (/home/trung95/works/admin-basic-app/node_modules/tslint/lib/rules/quotemarkRule.js:109:12)
    at visitNode (/home/trung95/works/admin-basic-app/node_modules/typescript/lib/typescript.js:14800:24)
    at Object.forEachChild (/home/trung95/works/admin-basic-app/node_modules/typescript/lib/typescript.js:15044:24)
    at cb (/home/trung95/works/admin-basic-app/node_modules/tslint/lib/rules/quotemarkRule.js:109:12)
    at visitNodes (/home/trung95/works/admin-basic-app/node_modules/typescript/lib/typescript.js:14809:30)
    at Object.forEachChild (/home/trung95/works/admin-basic-app/node_modules/typescript/lib/typescript.js:15033:24)
[Warn  - 11:34:44 AM] The 'quotemark' rule threw an error in '/home/trung95/works/admin-basic-app/src/app/common/services/notification/notification.service.ts':
SyntaxError: Invalid regular expression: /\\)/: Unmatched ')'
    at new RegExp (<anonymous>)
    at cb (/home/trung95/works/admin-basic-app/node_modules/tslint/lib/rules/quotemarkRule.js:106:33)
    at visitNodes (/home/trung95/works/admin-basic-app/node_modules/typescript/lib/typescript.js:14809:30)
    at Object.forEachChild (/home/trung95/works/admin-basic-app/node_modules/typescript/lib/typescript.js:14987:21)
    at cb (/home/trung95/works/admin-basic-app/node_modules/tslint/lib/rules/quotemarkRule.js:109:12)
    at visitNode (/home/trung95/works/admin-basic-app/node_modules/typescript/lib/typescript.js:14800:24)
    at Object.forEachChild (/home/trung95/works/admin-basic-app/node_modules/typescript/lib/typescript.js:15044:24)
    at cb (/home/trung95/works/admin-basic-app/node_modules/tslint/lib/rules/quotemarkRule.js:109:12)
    at visitNodes (/home/trung95/works/admin-basic-app/node_modules/typescript/lib/typescript.js:14809:30)
    at Object.forEachChild (/home/trung95/works/admin-basic-app/node_modules/typescript/lib/typescript.js:15033:24)
[Warn  - 11:36:50 AM] Failed to load the TSLint library for the document /usr/share/code/resources/app/extensions/node_modules/typescript/lib/lib.dom.d.ts
To use TSLint for single file install tslint globally using 'npm install -g tslint'.
TSLint has a peer dependency on `typescript`, make sure that `typescript` is installed as well.
You need to reopen VS Code after installing tslint.
[Warn  - 11:46:15 AM] Failed to load the TSLint library for the document /usr/share/code/resources/app/extensions/node_modules/typescript/lib/lib.dom.d.ts
To use TSLint for single file install tslint globally using 'npm install -g tslint'.
TSLint has a peer dependency on `typescript`, make sure that `typescript` is installed as well.
You need to reopen VS Code after installing tslint.
[Warn  - 11:56:47 AM] Failed to load the TSLint library for the document /usr/share/code/resources/app/extensions/node_modules/typescript/lib/lib.dom.d.ts
To use TSLint for single file install tslint globally using 'npm install -g tslint'.
TSLint has a peer dependency on `typescript`, make sure that `typescript` is installed as well.
You need to reopen VS Code after installing tslint.
